<?xml version="1.0" encoding="UTF-8"?>
<testng-results skipped="0" failed="0" ignored="0" total="6" passed="6">
  <reporter-output>
  </reporter-output>
  <suite name="Suite" duration-ms="29" started-at="2020-07-30T15:05:58Z" finished-at="2020-07-30T15:05:58Z">
    <groups>
    </groups>
    <test name="Test" duration-ms="29" started-at="2020-07-30T15:05:58Z" finished-at="2020-07-30T15:05:58Z">
      <class name="qaclickacademy.AppiumTest">
        <test-method status="PASS" signature="IOSApps()[pri:0, instance:qaclickacademy.AppiumTest@6385cb26]" name="IOSApps" duration-ms="5" started-at="2020-07-30T15:05:58Z" finished-at="2020-07-30T15:05:58Z">
          <reporter-output>
          </reporter-output>
        </test-method> <!-- IOSApps -->
        <test-method status="PASS" signature="NativeAppAndroid()[pri:0, instance:qaclickacademy.AppiumTest@6385cb26]" name="NativeAppAndroid" duration-ms="0" started-at="2020-07-30T15:05:58Z" finished-at="2020-07-30T15:05:58Z">
          <reporter-output>
          </reporter-output>
        </test-method> <!-- NativeAppAndroid -->
      </class> <!-- qaclickacademy.AppiumTest -->
      <class name="qaclickacademy.RESTAPITest">
        <test-method status="PASS" signature="postJira()[pri:0, instance:qaclickacademy.RESTAPITest@146044d7]" name="postJira" duration-ms="0" started-at="2020-07-30T15:05:58Z" finished-at="2020-07-30T15:05:58Z">
          <reporter-output>
          </reporter-output>
        </test-method> <!-- postJira -->
        <test-method status="PASS" signature="deleteTwitter()[pri:0, instance:qaclickacademy.RESTAPITest@146044d7]" name="deleteTwitter" duration-ms="0" started-at="2020-07-30T15:05:58Z" finished-at="2020-07-30T15:05:58Z">
          <reporter-output>
          </reporter-output>
        </test-method> <!-- deleteTwitter -->
      </class> <!-- qaclickacademy.RESTAPITest -->
      <class name="qaclickacademy.SeleniumTest">
        <test-method status="PASS" signature="BrowserAutomation()[pri:0, instance:qaclickacademy.SeleniumTest@59717824]" name="BrowserAutomation" duration-ms="1" started-at="2020-07-30T15:05:58Z" finished-at="2020-07-30T15:05:58Z">
          <reporter-output>
          </reporter-output>
        </test-method> <!-- BrowserAutomation -->
        <test-method status="PASS" signature="elementsUI()[pri:0, instance:qaclickacademy.SeleniumTest@59717824]" name="elementsUI" duration-ms="0" started-at="2020-07-30T15:05:58Z" finished-at="2020-07-30T15:05:58Z">
          <reporter-output>
          </reporter-output>
        </test-method> <!-- elementsUI -->
      </class> <!-- qaclickacademy.SeleniumTest -->
    </test> <!-- Test -->
  </suite> <!-- Suite -->
</testng-results>
