<?xml version="1.0" encoding="UTF-8"?>
<testng-results skipped="0" failed="0" ignored="0" total="2" passed="2">
  <reporter-output>
  </reporter-output>
  <suite name="Default suite" duration-ms="47" started-at="2020-07-30T15:33:39 IST" finished-at="2020-07-30T15:33:39 IST">
    <groups>
    </groups>
    <test name="Default test" duration-ms="47" started-at="2020-07-30T15:33:39 IST" finished-at="2020-07-30T15:33:39 IST">
      <class name="qaclickacademy.AppiumTest">
        <test-method status="PASS" signature="IOSApps()[pri:0, instance:qaclickacademy.AppiumTest@67784306]" name="IOSApps" duration-ms="8" started-at="2020-07-30T15:33:39 IST" finished-at="2020-07-30T15:33:39 IST">
          <reporter-output>
          </reporter-output>
        </test-method> <!-- IOSApps -->
        <test-method status="PASS" signature="NativeAppAndroid()[pri:0, instance:qaclickacademy.AppiumTest@67784306]" name="NativeAppAndroid" duration-ms="1" started-at="2020-07-30T15:33:39 IST" finished-at="2020-07-30T15:33:39 IST">
          <reporter-output>
          </reporter-output>
        </test-method> <!-- NativeAppAndroid -->
      </class> <!-- qaclickacademy.AppiumTest -->
    </test> <!-- Default test -->
  </suite> <!-- Default suite -->
</testng-results>
